[2026-07-04 23:05:47,098] ERROR | Hidden debug info
Traceback (most recent call last):
  File "C:\Workspace\quantum-core\.venv\Lib\site-packages\starlette\middleware\errors.py", line 164, in __call__
    await self.app(scope, receive, _send)
  File "C:\Workspace\quantum-core\.venv\Lib\site-packages\starlette\middleware\exceptions.py", line 63, in __call__
    await wrap_app_handling_exceptions(self.app, conn)(scope, receive, send)
  File "C:\Workspace\quantum-core\.venv\Lib\site-packages\starlette\_exception_handler.py", line 53, in wrapped_app
    raise exc
  File "C:\Workspace\quantum-core\.venv\Lib\site-packages\starlette\_exception_handler.py", line 42, in wrapped_app
    await app(scope, receive, sender)
  File "C:\Workspace\quantum-core\.venv\Lib\site-packages\fastapi\middleware\asyncexitstack.py", line 18, in __call__
    await self.app(scope, receive, send)
  File "C:\Workspace\quantum-core\.venv\Lib\site-packages\starlette\routing.py", line 660, in __call__
    await self.middleware_stack(scope, receive, send)
  File "C:\Workspace\quantum-core\.venv\Lib\site-packages\fastapi\routing.py", line 2531, in app
    await route.handle(scope, receive, send)
  File "C:\Workspace\quantum-core\.venv\Lib\site-packages\fastapi\routing.py", line 1700, in handle
    await self.original_router.handle(scope, receive, send)
  File "C:\Workspace\quantum-core\.venv\Lib\site-packages\fastapi\routing.py", line 2586, in handle
    await included_router._handle_selected(scope, receive, send)
  File "C:\Workspace\quantum-core\.venv\Lib\site-packages\fastapi\routing.py", line 1720, in _handle_selected
    await original_route.handle(scope, receive, send)
  File "C:\Workspace\quantum-core\.venv\Lib\site-packages\fastapi\routing.py", line 1239, in handle
    await app(scope, receive, send)
  File "C:\Workspace\quantum-core\.venv\Lib\site-packages\fastapi\routing.py", line 150, in app
    await wrap_app_handling_exceptions(app, request)(scope, receive, send)
  File "C:\Workspace\quantum-core\.venv\Lib\site-packages\starlette\_exception_handler.py", line 53, in wrapped_app
    raise exc
  File "C:\Workspace\quantum-core\.venv\Lib\site-packages\starlette\_exception_handler.py", line 42, in wrapped_app
    await app(scope, receive, sender)
  File "C:\Workspace\quantum-core\.venv\Lib\site-packages\fastapi\routing.py", line 136, in app
    response = await f(request)
               ^^^^^^^^^^^^^^^^
  File "C:\Workspace\quantum-core\.venv\Lib\site-packages\fastapi\routing.py", line 690, in app
    raw_response = await run_endpoint_function(
                   ^^^^^^^^^^^^^^^^^^^^^^^^^^^^
    ...<3 lines>...
    )
    ^
  File "C:\Workspace\quantum-core\.venv\Lib\site-packages\fastapi\routing.py", line 346, in run_endpoint_function
    return await run_in_threadpool(dependant.call, **values)
           ^^^^^^^^^^^^^^^^^^^^^^^^^^^^^^^^^^^^^^^^^^^^^^^^^
  File "C:\Workspace\quantum-core\.venv\Lib\site-packages\starlette\concurrency.py", line 34, in run_in_threadpool
    return await anyio.to_thread.run_sync(func)
           ^^^^^^^^^^^^^^^^^^^^^^^^^^^^^^^^^^^^
  File "C:\Workspace\quantum-core\.venv\Lib\site-packages\anyio\to_thread.py", line 63, in run_sync
    return await get_async_backend().run_sync_in_worker_thread(
           ^^^^^^^^^^^^^^^^^^^^^^^^^^^^^^^^^^^^^^^^^^^^^^^^^^^^
        func, args, abandon_on_cancel=abandon_on_cancel, limiter=limiter
        ^^^^^^^^^^^^^^^^^^^^^^^^^^^^^^^^^^^^^^^^^^^^^^^^^^^^^^^^^^^^^^^^
    )
    ^
  File "C:\Workspace\quantum-core\.venv\Lib\site-packages\anyio\_backends\_asyncio.py", line 2596, in run_sync_in_worker_thread
    return await future
           ^^^^^^^^^^^^
  File "C:\Workspace\quantum-core\.venv\Lib\site-packages\anyio\_backends\_asyncio.py", line 1029, in run
    result = context.run(func, *args)
  File "C:\Workspace\quantum-core\app\modules\system\router.py", line 35, in crash
    raise Exception(
        "Hidden debug info"
    )
Exception: Hidden debug info

[2026-07-04 23:13:34,641] INFO | ========== BaseAPI Module Loader ==========
[2026-07-04 23:13:34,642] INFO | Discovered 4 modules
[2026-07-04 23:13:34,644] INFO | Loaded access
[2026-07-04 23:13:35,411] INFO | Loaded auth
[2026-07-04 23:13:35,414] INFO | Loaded system
[2026-07-04 23:13:35,415] INFO | Loaded users
[2026-07-04 23:13:35,415] INFO | Load order: auth, users, access, system
[2026-07-04 23:13:35,415] INFO | Registered auth
[2026-07-04 23:13:35,415] INFO | Registered users
[2026-07-04 23:13:35,416] INFO | Registered access
[2026-07-04 23:13:35,416] INFO | Registered system
[2026-07-04 23:13:35,416] INFO | Loaded 4 modules successfully
[2026-07-04 23:15:39,486] INFO | ========== BaseAPI Module Loader ==========
[2026-07-04 23:15:39,488] INFO | Discovered 4 modules
[2026-07-04 23:15:39,490] INFO | Loaded access
[2026-07-04 23:15:40,521] INFO | Loaded auth
[2026-07-04 23:15:40,524] INFO | Loaded system
[2026-07-04 23:15:40,524] INFO | Loaded users
[2026-07-04 23:15:40,524] INFO | Load order: auth, users, access, system
[2026-07-04 23:15:40,524] INFO | Registered auth
[2026-07-04 23:15:40,525] INFO | Registered users
[2026-07-04 23:15:40,525] INFO | Registered access
[2026-07-04 23:15:40,525] INFO | Registered system
[2026-07-04 23:15:40,525] INFO | Loaded 4 modules successfully

=============================
TIME: 2026-07-04 23:15:46,671
LEVEL: INFO
MESSAGE: ========== BaseAPI Module Loader ==========
=============================


=============================
TIME: 2026-07-04 23:15:46,672
LEVEL: INFO
MESSAGE: Discovered 4 modules
=============================


=============================
TIME: 2026-07-04 23:15:46,673
LEVEL: INFO
MESSAGE: Loaded access
=============================


=============================
TIME: 2026-07-04 23:15:47,458
LEVEL: INFO
MESSAGE: Loaded auth
=============================


=============================
TIME: 2026-07-04 23:15:47,462
LEVEL: INFO
MESSAGE: Loaded system
=============================


=============================
TIME: 2026-07-04 23:15:47,463
LEVEL: INFO
MESSAGE: Loaded users
=============================


=============================
TIME: 2026-07-04 23:15:47,463
LEVEL: INFO
MESSAGE: Load order: auth, users, access, system
=============================


=============================
TIME: 2026-07-04 23:15:47,463
LEVEL: INFO
MESSAGE: Registered auth
=============================


=============================
TIME: 2026-07-04 23:15:47,463
LEVEL: INFO
MESSAGE: Registered users
=============================


=============================
TIME: 2026-07-04 23:15:47,463
LEVEL: INFO
MESSAGE: Registered access
=============================


=============================
TIME: 2026-07-04 23:15:47,463
LEVEL: INFO
MESSAGE: Registered system
=============================


=============================
TIME: 2026-07-04 23:15:47,463
LEVEL: INFO
MESSAGE: Loaded 4 modules successfully
=============================


=============================
TIME: 2026-07-04 23:16:04,046
LEVEL: INFO
MESSAGE: ========== BaseAPI Module Loader ==========
=============================


=============================
TIME: 2026-07-04 23:16:04,047
LEVEL: INFO
MESSAGE: Discovered 4 modules
=============================


=============================
TIME: 2026-07-04 23:16:04,048
LEVEL: INFO
MESSAGE: Loaded access
=============================


=============================
TIME: 2026-07-04 23:16:04,724
LEVEL: INFO
MESSAGE: Loaded auth
=============================


=============================
TIME: 2026-07-04 23:16:04,727
LEVEL: INFO
MESSAGE: Loaded system
=============================


=============================
TIME: 2026-07-04 23:16:04,727
LEVEL: INFO
MESSAGE: Loaded users
=============================


=============================
TIME: 2026-07-04 23:16:04,727
LEVEL: INFO
MESSAGE: Load order: auth, users, access, system
=============================


=============================
TIME: 2026-07-04 23:16:04,727
LEVEL: INFO
MESSAGE: Registered auth
=============================


=============================
TIME: 2026-07-04 23:16:04,728
LEVEL: INFO
MESSAGE: Registered users
=============================


=============================
TIME: 2026-07-04 23:16:04,728
LEVEL: INFO
MESSAGE: Registered access
=============================


=============================
TIME: 2026-07-04 23:16:04,728
LEVEL: INFO
MESSAGE: Registered system
=============================


=============================
TIME: 2026-07-04 23:16:04,728
LEVEL: INFO
MESSAGE: Loaded 4 modules successfully
=============================


=============================
TIME: 2026-07-04 23:16:21,636
LEVEL: INFO
MESSAGE: ========== BaseAPI Module Loader ==========
=============================


=============================
TIME: 2026-07-04 23:16:21,637
LEVEL: INFO
MESSAGE: Discovered 4 modules
=============================


=============================
TIME: 2026-07-04 23:16:21,638
LEVEL: INFO
MESSAGE: Loaded access
=============================


=============================
TIME: 2026-07-04 23:16:22,159
LEVEL: INFO
MESSAGE: Loaded auth
=============================


=============================
TIME: 2026-07-04 23:16:22,161
LEVEL: INFO
MESSAGE: Loaded system
=============================


=============================
TIME: 2026-07-04 23:16:22,161
LEVEL: INFO
MESSAGE: Loaded users
=============================


=============================
TIME: 2026-07-04 23:16:22,162
LEVEL: INFO
MESSAGE: Load order: auth, users, access, system
=============================


=============================
TIME: 2026-07-04 23:16:22,162
LEVEL: INFO
MESSAGE: Registered auth
=============================


=============================
TIME: 2026-07-04 23:16:22,162
LEVEL: INFO
MESSAGE: Registered users
=============================


=============================
TIME: 2026-07-04 23:16:22,162
LEVEL: INFO
MESSAGE: Registered access
=============================


=============================
TIME: 2026-07-04 23:16:22,162
LEVEL: INFO
MESSAGE: Registered system
=============================


=============================
TIME: 2026-07-04 23:16:22,162
LEVEL: INFO
MESSAGE: Loaded 4 modules successfully
=============================


=============================
TIME: 2026-07-04 23:16:22,927
LEVEL: INFO
MESSAGE: ========== BaseAPI Module Loader ==========
=============================


=============================
TIME: 2026-07-04 23:16:22,928
LEVEL: INFO
MESSAGE: Discovered 4 modules
=============================


=============================
TIME: 2026-07-04 23:16:22,929
LEVEL: INFO
MESSAGE: Loaded access
=============================


=============================
TIME: 2026-07-04 23:16:23,483
LEVEL: INFO
MESSAGE: Loaded auth
=============================


=============================
TIME: 2026-07-04 23:16:23,485
LEVEL: INFO
MESSAGE: Loaded system
=============================


=============================
TIME: 2026-07-04 23:16:23,485
LEVEL: INFO
MESSAGE: Loaded users
=============================


=============================
TIME: 2026-07-04 23:16:23,485
LEVEL: INFO
MESSAGE: Load order: auth, users, access, system
=============================


=============================
TIME: 2026-07-04 23:16:23,486
LEVEL: INFO
MESSAGE: Registered auth
=============================


=============================
TIME: 2026-07-04 23:16:23,486
LEVEL: INFO
MESSAGE: Registered users
=============================


=============================
TIME: 2026-07-04 23:16:23,486
LEVEL: INFO
MESSAGE: Registered access
=============================


=============================
TIME: 2026-07-04 23:16:23,486
LEVEL: INFO
MESSAGE: Registered system
=============================


=============================
TIME: 2026-07-04 23:16:23,486
LEVEL: INFO
MESSAGE: Loaded 4 modules successfully
=============================

[2026-07-04 23:17:20,443] INFO | ========== BaseAPI Module Loader ==========
[2026-07-04 23:17:20,444] INFO | Discovered 4 modules
[2026-07-04 23:17:20,445] INFO | Loaded access
[2026-07-04 23:17:21,033] INFO | Loaded auth
[2026-07-04 23:17:21,036] INFO | Loaded system
[2026-07-04 23:17:21,036] INFO | Loaded users
[2026-07-04 23:17:21,036] INFO | Load order: auth, users, access, system
[2026-07-04 23:17:21,036] INFO | Registered auth
[2026-07-04 23:17:21,037] INFO | Registered users
[2026-07-04 23:17:21,037] INFO | Registered access
[2026-07-04 23:17:21,037] INFO | Registered system
[2026-07-04 23:17:21,037] INFO | Loaded 4 modules successfully
[2026-07-04 23:17:29,018] INFO | ========== BaseAPI Module Loader ==========
[2026-07-04 23:17:29,019] INFO | Discovered 4 modules
[2026-07-04 23:17:29,020] INFO | Loaded access
[2026-07-04 23:17:29,526] INFO | Loaded auth
[2026-07-04 23:17:29,529] INFO | Loaded system
[2026-07-04 23:17:29,529] INFO | Loaded users
[2026-07-04 23:17:29,529] INFO | Load order: auth, users, access, system
[2026-07-04 23:17:29,529] INFO | Registered auth
[2026-07-04 23:17:29,530] INFO | Registered users
[2026-07-04 23:17:29,530] INFO | Registered access
[2026-07-04 23:17:29,530] INFO | Registered system
[2026-07-04 23:17:29,530] INFO | Loaded 4 modules successfully
[2026-07-04 23:17:30,283] INFO | ========== BaseAPI Module Loader ==========
[2026-07-04 23:17:30,284] INFO | Discovered 4 modules
[2026-07-04 23:17:30,286] INFO | Loaded access
[2026-07-04 23:17:30,848] INFO | Loaded auth
[2026-07-04 23:17:30,850] INFO | Loaded system
[2026-07-04 23:17:30,851] INFO | Loaded users
[2026-07-04 23:17:30,851] INFO | Load order: auth, users, access, system
[2026-07-04 23:17:30,851] INFO | Registered auth
[2026-07-04 23:17:30,851] INFO | Registered users
[2026-07-04 23:17:30,852] INFO | Registered access
[2026-07-04 23:17:30,852] INFO | Registered system
[2026-07-04 23:17:30,852] INFO | Loaded 4 modules successfully
[2026-07-04 23:25:25,226] INFO | ========== BaseAPI Module Loader ==========
[2026-07-04 23:25:25,227] INFO | Discovered 4 modules
[2026-07-04 23:25:25,229] INFO | Loaded access
[2026-07-04 23:25:25,908] INFO | Loaded auth
[2026-07-04 23:25:25,911] INFO | Loaded system
[2026-07-04 23:25:25,912] INFO | Loaded users
[2026-07-04 23:25:25,913] INFO | Load order: auth, users, access, system
[2026-07-04 23:25:25,913] INFO | Registered auth
[2026-07-04 23:25:25,914] INFO | Registered users
[2026-07-04 23:25:25,914] INFO | Registered access
[2026-07-04 23:25:25,915] INFO | Registered system
[2026-07-04 23:25:25,915] INFO | Registered 4 modules
